<?xml version="1.0" encoding="UTF-8"?>
<!-- Generated by org.testng.reporters.JUnitXMLReporter -->
<testsuite hostname="bad-PC" ignored="0" name="WenTiClCase05" tests="6" failures="0" timestamp="13 十一月 2017 02:05:38 GMT" time="196.715" errors="0">
  <testcase name="wgz1" time="36.951" classname="com.core.shijianclcase.WenTiClCase05"/>
  <testcase name="zjzx1" time="27.874" classname="com.core.shijianclcase.WenTiClCase05"/>
  <testcase name="pqz1" time="25.336" classname="com.core.shijianclcase.WenTiClCase05"/>
  <testcase name="znb1" time="24.93" classname="com.core.shijianclcase.WenTiClCase05"/>
  <testcase name="wgz2" time="24.849" classname="com.core.shijianclcase.WenTiClCase05"/>
  <testcase name="zjzx2" time="48.028" classname="com.core.shijianclcase.WenTiClCase05"/>
</testsuite> <!-- WenTiClCase05 -->
