<?xml version="1.0" encoding="UTF-8"?>
<!-- Generated by org.testng.reporters.JUnitXMLReporter -->
<testsuite hostname="bad-PC" ignored="0" name="WenTiClCase07" tests="5" failures="0" timestamp="13 十一月 2017 07:34:08 GMT" time="305.523" errors="0">
  <testcase name="zjzxDj" time="83.809" classname="com.core.shijianclcase.WenTiClCase07"/>
  <testcase name="pqz1" time="45.844" classname="com.core.shijianclcase.WenTiClCase07"/>
  <testcase name="znb1" time="45.696" classname="com.core.shijianclcase.WenTiClCase07"/>
  <testcase name="wgz2" time="45.57" classname="com.core.shijianclcase.WenTiClCase07"/>
  <testcase name="zjzx2" time="75.703" classname="com.core.shijianclcase.WenTiClCase07"/>
</testsuite> <!-- WenTiClCase07 -->
