<?xml version="1.0" encoding="UTF-8"?>
<!-- Generated by org.testng.reporters.JUnitXMLReporter -->
<testsuite hostname="bad-PC" ignored="0" name="WenTiClCase08" tests="4" failures="0" timestamp="13 十一月 2017 07:38:16 GMT" time="247.645" errors="0">
  <testcase name="ywzxDj" time="74.333" classname="com.core.shijianclcase.WenTiClCase08"/>
  <testcase name="qxznb" time="46.256" classname="com.core.shijianclcase.WenTiClCase08"/>
  <testcase name="zjzxcl" time="45.907" classname="com.core.shijianclcase.WenTiClCase08"/>
  <testcase name="ywzxja" time="73.499" classname="com.core.shijianclcase.WenTiClCase08"/>
</testsuite> <!-- WenTiClCase08 -->
