<?xml version="1.0" encoding="UTF-8"?>
<!-- Generated by org.testng.reporters.JUnitXMLReporter -->
<testsuite hostname="bad-PC" ignored="0" name="JiChuXinXiCase01" tests="3" failures="0" timestamp="14 八月 2017 02:03:06 GMT" time="132.677" errors="0">
  <testcase name="AddPeople" time="37.238" classname="com.core.jichuxxcase.HuJiRenKouCase01"/>
  <testcase name="EditPeople" time="57.087" classname="com.core.jichuxxcase.HuJiRenKouCase01"/>
  <testcase name="ChaKanPeople" time="30.236" classname="com.core.jichuxxcase.HuJiRenKouCase01"/>
</testsuite> <!-- JiChuXinXiCase01 -->
