<?xml version="1.0" encoding="UTF-8"?>
<!-- Generated by org.testng.reporters.JUnitXMLReporter -->
<testsuite hostname="bad-PC" ignored="0" name="RenWuClCase11" tests="5" failures="0" timestamp="10 八月 2017 01:52:49 GMT" time="145.965" errors="0">
  <testcase name="zjzxRenWuJiaoBantj" time="23.274" classname="com.core.renwuclcase.RenWuClCase11"/>
  <testcase name="pqzChuLi" time="20.457" classname="com.core.renwuclcase.RenWuClCase11"/>
  <testcase name="wgzChuLi" time="36.69" classname="com.core.renwuclcase.RenWuClCase11"/>
  <testcase name="pqzShenHe" time="23.96" classname="com.core.renwuclcase.RenWuClCase11"/>
  <testcase name="zjzxShenHe" time="34.221" classname="com.core.renwuclcase.RenWuClCase11"/>
</testsuite> <!-- RenWuClCase11 -->
